<?xml version="1.0" encoding="UTF-8"?>
<coverage generated="1542965875443" clover="3.2.0">
  <project timestamp="1542965875443" name="All files">
    <metrics statements="8" coveredstatements="8" conditionals="0" coveredconditionals="0" methods="5" coveredmethods="5" elements="13" coveredelements="13" complexity="0" loc="8" ncloc="8" packages="1" files="2" classes="2">
      <file name="helloWorldReact.jsx" path="/Users/coppl01/Code/Training/TDD/TDDTraining/src/helloWorldReact.jsx">
        <metrics statements="2" coveredstatements="2" conditionals="0" coveredconditionals="0" methods="0" coveredmethods="0"/>
        <line num="3" count="1" type="stmt"/>
        <line num="5" count="1" type="stmt"/>
      </file>
      <file name="math.js" path="/Users/coppl01/Code/Training/TDD/TDDTraining/src/math.js">
        <metrics statements="6" coveredstatements="6" conditionals="0" coveredconditionals="0" methods="5" coveredmethods="5"/>
        <line num="1" count="1" type="stmt"/>
        <line num="2" count="1" type="stmt"/>
        <line num="3" count="1" type="stmt"/>
        <line num="4" count="1" type="stmt"/>
        <line num="5" count="1" type="stmt"/>
        <line num="7" count="1" type="stmt"/>
      </file>
    </metrics>
  </project>
</coverage>
